\BOOKMARK [0][-]{chapter*.2}{Abstract}{}% 1
\BOOKMARK [0][-]{chapter.1}{Introduction}{}% 2
\BOOKMARK [1][-]{section.1.1}{Literature\040review}{chapter.1}% 3
\BOOKMARK [1][-]{section.1.2}{Choice\040of\040technique}{chapter.1}% 4
\BOOKMARK [1][-]{section.1.3}{Projects\040to\040implement}{chapter.1}% 5
\BOOKMARK [2][-]{subsection.1.3.1}{Project\0401\040-\0402D\040path\040finding\040problem}{section.1.3}% 6
\BOOKMARK [2][-]{subsection.1.3.2}{Project\0402\040-\040Multi-arm\040target\040reaching\040problem}{section.1.3}% 7
\BOOKMARK [0][-]{chapter.2}{Hopfield\040neutral\040space}{}% 8
\BOOKMARK [1][-]{section.2.1}{Principles}{chapter.2}% 9
\BOOKMARK [1][-]{section.2.2}{Advantages\040and\040disadvantages}{chapter.2}% 10
\BOOKMARK [0][-]{chapter.3}{Innovative\040algorithms\040to\040use\040for\040the\040two\040projects}{}% 11
\BOOKMARK [1][-]{section.3.1}{Energy-saving\040path\040finding}{chapter.3}% 12
\BOOKMARK [1][-]{section.3.2}{Multi-arm\040robot}{chapter.3}% 13
\BOOKMARK [2][-]{subsection.3.2.1}{Robot\040presence\040calculation}{section.3.2}% 14
\BOOKMARK [2][-]{subsection.3.2.2}{Preparation\040of\040neuronal\040space}{section.3.2}% 15
\BOOKMARK [0][-]{chapter.4}{Optimizations\040of\040computer\040code}{}% 16
\BOOKMARK [1][-]{section.4.1}{Vectorization}{chapter.4}% 17
\BOOKMARK [1][-]{section.4.2}{Numba\040and\040code\040modifications}{chapter.4}% 18
\BOOKMARK [2][-]{subsection.4.2.1}{Numba\040Library}{section.4.2}% 19
\BOOKMARK [2][-]{subsection.4.2.2}{Implementation\040of\040np.roll\(\)\040in\040Numba}{section.4.2}% 20
\BOOKMARK [1][-]{section.4.3}{Pre-calculation\040of\040robot's\040coordinates\040\(Project\0402\040only\)}{chapter.4}% 21
\BOOKMARK [0][-]{chapter.5}{Results\040and\040discussion}{}% 22
\BOOKMARK [1][-]{section.5.1}{Energy-saving\040path\040finding}{chapter.5}% 23
\BOOKMARK [1][-]{section.5.2}{Multi-arm\040robot}{chapter.5}% 24
