\BOOKMARK [0][-]{chapter*.2}{Abstract}{}% 1
\BOOKMARK [0][-]{chapter.1}{Presentation\040of\040the\040environment\040of\040work}{}% 2
\BOOKMARK [1][-]{section.1.1}{Presentation\040of\040company}{chapter.1}% 3
\BOOKMARK [1][-]{section.1.2}{Presentation\040of\040the\040reception\040service}{chapter.1}% 4
\BOOKMARK [0][-]{chapter.2}{Presentation\040of\040the\040activities\040carried\040out\040during\040the\040internship}{}% 5
\BOOKMARK [1][-]{section.2.1}{Presentation\040of\040objectives}{chapter.2}% 6
\BOOKMARK [1][-]{section.2.2}{Presentation\040of\040the\040methods\040and\040procedures\040used}{chapter.2}% 7
\BOOKMARK [2][-]{subsection.2.2.1}{Software}{section.2.2}% 8
\BOOKMARK [2][-]{subsection.2.2.2}{Model\040information}{section.2.2}% 9
\BOOKMARK [2][-]{subsection.2.2.3}{Quantification\040of\040the\040burnup\040of\040control\040rods}{section.2.2}% 10
\BOOKMARK [2][-]{subsection.2.2.4}{Neuron\040network\040setup}{section.2.2}% 11
\BOOKMARK [0][-]{chapter.3}{Presentation\040of\040results}{}% 12
\BOOKMARK [1][-]{section.3.1}{Influence\040of\040Bcr\040and\040its\040origin}{chapter.3}% 13
\BOOKMARK [2][-]{subsection.3.1.1}{Impact\040on\040the\040effective\040multiplication\040factor}{section.3.1}% 14
\BOOKMARK [2][-]{subsection.3.1.2}{Origin\040of\040Bcr}{section.3.1}% 15
\BOOKMARK [1][-]{section.3.2}{Quantification\040of\040the\040burnup\040of\040control\040rods}{chapter.3}% 16
\BOOKMARK [1][-]{section.3.3}{Results\040of\040the\040Deep\040Neuron\040Network}{chapter.3}% 17
\BOOKMARK [2][-]{subsection.3.3.1}{Regress\040results}{section.3.3}% 18
\BOOKMARK [1][-]{section.3.4}{Discussion}{chapter.3}% 19
\BOOKMARK [0][-]{chapter.4}{Conclusion}{}% 20
\BOOKMARK [0][-]{chapter.5}{Annex}{}% 21
\BOOKMARK [1][-]{section.5.1}{Logbook}{chapter.5}% 22
\BOOKMARK [1][-]{section.5.2}{Amazement\040report}{chapter.5}% 23
\BOOKMARK [1][-]{section.5.3}{Reception\040service\040organization\040chart}{chapter.5}% 24
